<?xml version="1.0" encoding="UTF-8"?>
<!-- Generated by org.testng.reporters.JUnitReportReporter -->
<testsuite hostname="GhOsT-Machine" failures="0" tests="9" name="testCase.ServiceTest" time="70.988" errors="0" timestamp="2024-05-14T01:37:25 IST" skipped="0">
  <testcase classname="testCase.ServiceTest" name="login" time="10.981"/>
  <testcase classname="testCase.ServiceTest" name="cases" time="6.898"/>
  <testcase classname="testCase.ServiceTest" name="casedetails" time="9.846"/>
  <testcase classname="testCase.ServiceTest" name="cloneCase" time="2.737"/>
  <testcase classname="testCase.ServiceTest" name="checkclone" time="0.094"/>
  <testcase classname="testCase.ServiceTest" name="Escalate" time="4.713"/>
  <testcase classname="testCase.ServiceTest" name="checkStatus" time="0.039"/>
  <testcase classname="testCase.ServiceTest" name="email" time="34.131"/>
  <testcase classname="testCase.ServiceTest" name="SLA" time="1.549"/>
</testsuite> <!-- testCase.ServiceTest -->
